Send POST https://api.jpush.cn/v3/push, body:{"platform":["ios","android"],"audience":{"tag":["rc"]},"notification":{"android":{"alert":"Hello Android"},"ios":{"alert":"Hello IOS","sound":"","badge":"+1"}}}, times:1
Send POST https://api.jpush.cn/v3/push, body:{"platform":["ios","android"],"audience":{"tag":["rc"]},"notification":{"android":{"alert":"Hello Android"},"ios":{"alert":"Hello IOS","sound":"","badge":"+1"}}}, times:1
Send POST https://api.jpush.cn/v3/push, body:{"platform":["ios","android"],"audience":{"tag":["rc"]},"notification":{"android":{"alert":"Hello Android"},"ios":{"alert":"Hello IOS","sound":"","badge":"+1"}}}, times:1
Send POST https://api.jpush.cn/v3/push, body:{"platform":["ios","android"],"audience":"all","notification":{"android":{"alert":"Hello Android"},"ios":{"alert":"Hello IOS","sound":"","badge":"+1"}}}, times:1
Send POST https://api.jpush.cn/v3/push, body:{"platform":"all","audience":"all","notification":{"alert":"Hello, JPush"}}, times:1
Send POST https://api.jpush.cn/v3/push, body:{"platform":"all","audience":"all","notification":{"alert":"Hello, JPush"}}, times:1
Send POST https://api.jpush.cn/v3/push, body:{"platform":"all","audience":"all","notification":{"alert":"Hi, JPush"}}, times:1
Send POST https://api.jpush.cn/v3/push, body:{"platform":"all","audience":"all","notification":{"alert":"Hi, JPush"}}, times:1
Send POST https://api.jpush.cn/v3/push, body:{"platform":"all","audience":"all","notification":{"alert":"Hello, JPush"}}, times:1
Send POST https://api.jpush.cn/v3/push, body:{"platform":["android","ios"],"audience":"all","notification":{"alert":"Hello, JPush"}}, times:1
Send POST https://api.jpush.cn/v3/push, body:{"platform":["android","ios"],"audience":"all","notification":{"alert":"Hello, JPush"}}, times:1
Send POST https://api.jpush.cn/v3/push, body:{"platform":"all","audience":"all","notification":{"alert":"Hello, JPush"}}, times:1
Send POST https://api.jpush.cn/v3/push, body:{"platform":"all","audience":"all","notification":{"alert":"Hello, JPush"}}, times:1
Send POST https://api.jpush.cn/v3/push, body:{"platform":["android","ios"],"audience":"all","notification":{"alert":"Hello, JPush"}}, times:1
Send POST https://api.jpush.cn/v3/push, body:{"platform":["android","ios"],"audience":"all","notification":{"alert":"{\"is_idcard\":\"1\",\"is_bankcard\":\"0\",\"s\":\"\\\/api\\\/test\"}"}}, times:1
Send POST https://api.jpush.cn/v3/push, body:{"platform":["android","ios"],"audience":"all","notification":{"alert":"hello"},"options":{"sendno":56180349,"apns_production":false}}, times:1
Send POST https://api.jpush.cn/v3/push, body:{"platform":["android","ios"],"audience":"all","notification":{"alert":"hello"},"options":{"sendno":988383691,"apns_production":false}}, times:1
Send POST https://api.jpush.cn/v3/push, body:{"platform":["android","ios"],"audience":"all","notification":{"alert":"hello"},"options":{"sendno":1632559109,"apns_production":false}}, times:1
Send POST https://api.jpush.cn/v3/push, body:{"platform":["android","ios"],"audience":"all","notification":{"alert":"hello"},"options":{"sendno":190880917,"apns_production":false}}, times:1
Send POST https://api.jpush.cn/v3/push, body:{"platform":["android","ios"],"audience":"all","notification":{"alert":"123"},"options":{"sendno":297773466,"apns_production":false}}, times:1
Send POST https://api.jpush.cn/v3/push, body:{"platform":["android","ios"],"audience":"all","notification":{"alert":"{\"test\":123}"},"options":{"sendno":1661157898,"apns_production":false}}, times:1
Send POST https://api.jpush.cn/v3/push, body:{"platform":["android","ios"],"audience":{"alias":["59"],"registration_id":["1114a897929c778f765"]},"notification":{"alert":"\u5ba1\u6838\u7ed3\u679c","android":{"alert":"\u5ba1\u6838\u7ed3\u679c","title":"\u5ba1\u6838\u7ed3\u679c","extras":{"type":"user_apply","data":{"code":1,"msg":"\u5ba1\u6838\u6210\u529f"}}},"ios":{"alert":"\u5ba1\u6838\u7ed3\u679c","extras":{"type":"user_apply","data":{"code":1,"msg":"\u5ba1\u6838\u6210\u529f"}},"sound":"","badge":"+1"}},"message":{"msg_content":"\u5ba1\u6838\u7ed3\u679c\uff1a\u5ba1\u6838\u6210\u529f","title":"\u5ba1\u6838\u7ed3\u679c","extras":{"type":"user_apply","data":{"code":1,"msg":"\u5ba1\u6838\u6210\u529f"}}},"options":{"sendno":1961749032,"apns_production":false}}, times:1
Send POST https://api.jpush.cn/v3/push, body:{"platform":["android","ios"],"audience":{"alias":["59"],"registration_id":["1114a897929c778f765"]},"notification":{"alert":"\u5ba1\u6838\u7ed3\u679c","android":{"alert":"\u5ba1\u6838\u7ed3\u679c","title":"\u5ba1\u6838\u7ed3\u679c","extras":{"type":"user_apply","data":{"code":1,"msg":"\u5ba1\u6838\u6210\u529f"}}},"ios":{"alert":"\u5ba1\u6838\u7ed3\u679c","extras":{"type":"user_apply","data":{"code":1,"msg":"\u5ba1\u6838\u6210\u529f"}},"sound":"","badge":"+1"}},"message":{"msg_content":"\u5ba1\u6838\u7ed3\u679c\uff1a\u5ba1\u6838\u6210\u529f","title":"\u5ba1\u6838\u7ed3\u679c","extras":{"type":"user_apply","data":{"code":1,"msg":"\u5ba1\u6838\u6210\u529f"}}},"options":{"sendno":954949299,"apns_production":false}}, times:1
